<?xml version="1.0" encoding="UTF-8"?>
<testsuite xmlns:xsi="http://www.w3.org/2001/XMLSchema-instance" xsi:noNamespaceSchemaLocation="https://maven.apache.org/surefire/maven-surefire-plugin/xsd/surefire-test-report.xsd" version="3.0.2" name="com.unir.gateway.GatewayAndFiltersApplicationTests" time="6.835" tests="1" errors="0" skipped="0" failures="0">
  <properties>
[...]
</properties>
  <testcase name="contextLoads" classname="com.unir.gateway.GatewayAndFiltersApplicationTests" time="0.587">
    <system-out><![CDATA[14:18:14.673 [main] INFO org.springframework.test.context.support.AnnotationConfigContextLoaderUtils -- Could not detect default configuration classes for test class [com.unir.gateway.GatewayAndFiltersApplicationTests]: GatewayAndFiltersApplicationTests does not declare any static, non-private, non-final, nested classes annotated with @Configuration.
14:18:14.876 [main] INFO org.springframework.boot.test.context.SpringBootTestContextBootstrapper -- Found @SpringBootConfiguration com.unir.gateway.GatewayAndFiltersApplication for test class com.unir.gateway.GatewayAndFiltersApplicationTests
14:18:15.350 [main] INFO org.springframework.boot.devtools.restart.RestartApplicationListener -- Restart disabled due to context in which it is running

  .   ____          _            __ _ _
 /\\ / ___'_ __ _ _(_)_ __  __ _ \ \ \ \
( ( )\___ | '_ | '_| | '_ \/ _` | \ \ \ \
 \\/  ___)| |_)| | | | | || (_| |  ) ) ) )
  '  |____| .__|_| |_|_| |_\__, | / / / /
 =========|_|==============|___/=/_/_/_/

 :: Spring Boot ::                (v3.4.5)

2025-06-13T14:18:15.727-05:00  INFO 18808 --- [gateway-acl] [           main] c.u.g.GatewayAndFiltersApplicationTests  : Starting GatewayAndFiltersApplicationTests using Java 21.0.7 with PID 18808 (started by laura in C:\Users\laura\Documents\UNIR\Act2\back-end-cloud-gateway-filters)
2025-06-13T14:18:15.728-05:00  INFO 18808 --- [gateway-acl] [           main] c.u.g.GatewayAndFiltersApplicationTests  : No active profile set, falling back to 1 default profile: "default"
2025-06-13T14:18:17.798-05:00  INFO 18808 --- [gateway-acl] [           main] o.s.cloud.context.scope.GenericScope     : BeanFactory id=3fb3b2e3-c0ba-3d60-a983-7aa06b8888ee
2025-06-13T14:18:19.430-05:00  INFO 18808 --- [gateway-acl] [           main] o.s.c.g.r.RouteDefinitionRouteLocator    : Loaded RoutePredicateFactory [After]
2025-06-13T14:18:19.431-05:00  INFO 18808 --- [gateway-acl] [           main] o.s.c.g.r.RouteDefinitionRouteLocator    : Loaded RoutePredicateFactory [Before]
2025-06-13T14:18:19.431-05:00  INFO 18808 --- [gateway-acl] [           main] o.s.c.g.r.RouteDefinitionRouteLocator    : Loaded RoutePredicateFactory [Between]
2025-06-13T14:18:19.431-05:00  INFO 18808 --- [gateway-acl] [           main] o.s.c.g.r.RouteDefinitionRouteLocator    : Loaded RoutePredicateFactory [Cookie]
2025-06-13T14:18:19.431-05:00  INFO 18808 --- [gateway-acl] [           main] o.s.c.g.r.RouteDefinitionRouteLocator    : Loaded RoutePredicateFactory [Header]
2025-06-13T14:18:19.431-05:00  INFO 18808 --- [gateway-acl] [           main] o.s.c.g.r.RouteDefinitionRouteLocator    : Loaded RoutePredicateFactory [Host]
2025-06-13T14:18:19.431-05:00  INFO 18808 --- [gateway-acl] [           main] o.s.c.g.r.RouteDefinitionRouteLocator    : Loaded RoutePredicateFactory [Method]
2025-06-13T14:18:19.432-05:00  INFO 18808 --- [gateway-acl] [           main] o.s.c.g.r.RouteDefinitionRouteLocator    : Loaded RoutePredicateFactory [Path]
2025-06-13T14:18:19.432-05:00  INFO 18808 --- [gateway-acl] [           main] o.s.c.g.r.RouteDefinitionRouteLocator    : Loaded RoutePredicateFactory [Query]
2025-06-13T14:18:19.432-05:00  INFO 18808 --- [gateway-acl] [           main] o.s.c.g.r.RouteDefinitionRouteLocator    : Loaded RoutePredicateFactory [ReadBody]
2025-06-13T14:18:19.432-05:00  INFO 18808 --- [gateway-acl] [           main] o.s.c.g.r.RouteDefinitionRouteLocator    : Loaded RoutePredicateFactory [RemoteAddr]
2025-06-13T14:18:19.432-05:00  INFO 18808 --- [gateway-acl] [           main] o.s.c.g.r.RouteDefinitionRouteLocator    : Loaded RoutePredicateFactory [XForwardedRemoteAddr]
2025-06-13T14:18:19.432-05:00  INFO 18808 --- [gateway-acl] [           main] o.s.c.g.r.RouteDefinitionRouteLocator    : Loaded RoutePredicateFactory [Weight]
2025-06-13T14:18:19.432-05:00  INFO 18808 --- [gateway-acl] [           main] o.s.c.g.r.RouteDefinitionRouteLocator    : Loaded RoutePredicateFactory [CloudFoundryRouteService]
2025-06-13T14:18:19.815-05:00  INFO 18808 --- [gateway-acl] [           main] o.s.b.a.e.web.EndpointLinksResolver      : Exposing 18 endpoints beneath base path '/actuator'
2025-06-13T14:18:20.112-05:00  INFO 18808 --- [gateway-acl] [           main] DiscoveryClientOptionalArgsConfiguration : Eureka HTTP Client uses RestTemplate.
2025-06-13T14:18:20.145-05:00  WARN 18808 --- [gateway-acl] [           main] iguration$LoadBalancerCaffeineWarnLogger : Spring Cloud LoadBalancer is currently working with the default cache. While this cache implementation is useful for development and tests, it's recommended to use Caffeine cache in production.You can switch to using Caffeine cache, by adding it and org.springframework.cache.caffeine.CaffeineCacheManager to the classpath.
2025-06-13T14:18:20.206-05:00  INFO 18808 --- [gateway-acl] [           main] o.s.c.n.eureka.InstanceInfoFactory       : Setting initial instance status as: STARTING
2025-06-13T14:18:20.228-05:00  INFO 18808 --- [gateway-acl] [           main] com.netflix.discovery.DiscoveryClient    : Initializing Eureka in region us-east-1
2025-06-13T14:18:20.233-05:00  INFO 18808 --- [gateway-acl] [           main] c.n.d.s.r.aws.ConfigClusterResolver      : Resolving eureka endpoints via configuration
2025-06-13T14:18:20.240-05:00  INFO 18808 --- [gateway-acl] [           main] com.netflix.discovery.DiscoveryClient    : Disable delta property : false
2025-06-13T14:18:20.241-05:00  INFO 18808 --- [gateway-acl] [           main] com.netflix.discovery.DiscoveryClient    : Single vip registry refresh property : null
2025-06-13T14:18:20.241-05:00  INFO 18808 --- [gateway-acl] [           main] com.netflix.discovery.DiscoveryClient    : Force full registry fetch : false
2025-06-13T14:18:20.241-05:00  INFO 18808 --- [gateway-acl] [           main] com.netflix.discovery.DiscoveryClient    : Application is null : false
2025-06-13T14:18:20.241-05:00  INFO 18808 --- [gateway-acl] [           main] com.netflix.discovery.DiscoveryClient    : Registered Applications size is zero : true
2025-06-13T14:18:20.241-05:00  INFO 18808 --- [gateway-acl] [           main] com.netflix.discovery.DiscoveryClient    : Application version is -1: true
2025-06-13T14:18:20.241-05:00  INFO 18808 --- [gateway-acl] [           main] com.netflix.discovery.DiscoveryClient    : Getting all instance registry info from the eureka server
2025-06-13T14:18:20.554-05:00  INFO 18808 --- [gateway-acl] [           main] com.netflix.discovery.DiscoveryClient    : The response status is 200
2025-06-13T14:18:20.556-05:00  INFO 18808 --- [gateway-acl] [           main] com.netflix.discovery.DiscoveryClient    : Starting heartbeat executor: renew interval is: 30
2025-06-13T14:18:20.572-05:00  INFO 18808 --- [gateway-acl] [           main] c.n.discovery.InstanceInfoReplicator     : InstanceInfoReplicator onDemand update allowed rate per min is 4
2025-06-13T14:18:20.574-05:00  INFO 18808 --- [gateway-acl] [           main] com.netflix.discovery.DiscoveryClient    : Discovery Client initialized at timestamp 1749842300573 with initial instances count: 3
2025-06-13T14:18:20.576-05:00  INFO 18808 --- [gateway-acl] [           main] o.s.c.n.e.s.EurekaServiceRegistry        : Registering application GATEWAY-ACL with eureka with status UP
2025-06-13T14:18:20.577-05:00  INFO 18808 --- [gateway-acl] [           main] com.netflix.discovery.DiscoveryClient    : Saw local status change event StatusChangeEvent [timestamp=1749842300577, current=UP, previous=STARTING]
2025-06-13T14:18:20.578-05:00  INFO 18808 --- [gateway-acl] [foReplicator-%d] com.netflix.discovery.DiscoveryClient    : DiscoveryClient_GATEWAY-ACL/host.docker.internal:gateway-acl:8762: registering service...
2025-06-13T14:18:20.611-05:00  INFO 18808 --- [gateway-acl] [foReplicator-%d] com.netflix.discovery.DiscoveryClient    : DiscoveryClient_GATEWAY-ACL/host.docker.internal:gateway-acl:8762 - registration status: 204
2025-06-13T14:18:20.684-05:00  INFO 18808 --- [gateway-acl] [           main] c.u.g.GatewayAndFiltersApplicationTests  : Started GatewayAndFiltersApplicationTests in 5.357 seconds (process running for 7.376)
]]></system-out>
    <system-err><![CDATA[Mockito is currently self-attaching to enable the inline-mock-maker. This will no longer work in future releases of the JDK. Please add Mockito as an agent to your build what is described in Mockito's documentation: https://javadoc.io/doc/org.mockito/mockito-core/latest/org/mockito/Mockito.html#0.3
WARNING: A Java agent has been loaded dynamically (C:\Users\laura\.m2\repository\net\bytebuddy\byte-buddy-agent\1.15.11\byte-buddy-agent-1.15.11.jar)
WARNING: If a serviceability tool is in use, please run with -XX:+EnableDynamicAgentLoading to hide this warning
WARNING: If a serviceability tool is not in use, please run with -Djdk.instrument.traceUsage for more information
WARNING: Dynamic loading of agents will be disallowed by default in a future release
]]></system-err>
  </testcase>
</testsuite>